[19:59:40] [Server thread/INFO]: Starting minecraft server version 1.8.8
[19:59:40] [Server thread/INFO]: Loading properties
[19:59:40] [Server thread/INFO]: Default game type: SURVIVAL
[19:59:40] [Server thread/INFO]: This server is running CraftBukkit version git-PaperSpigot-445 (MC: 1.8.8) (Implementing API version 1.8.8-R0.1-SNAPSHOT)
[19:59:40] [Server thread/INFO]: Debug logging is disabled
[19:59:40] [Server thread/INFO]: Spigot Timings: true - Verbose: true - Interval: 5m - Length: 60m
[19:59:40] [Server thread/INFO]: Server Ping Player Sample Count: 12

[19:59:40] [Server thread/INFO]: Using 4 threads for Netty based IO
[19:59:40] [Server thread/INFO]: Data value allowed items: 
[19:59:40] [Server thread/WARN]: java.lang.NoSuchFieldException: modifiers

[19:59:40] [Server thread/WARN]: 	at java.base/java.lang.Class.getDeclaredField(Class.java:2782)

[19:59:40] [Server thread/WARN]: 	at org.github.paperspigot.PaperSpigotConfig.stackableBuckets(PaperSpigotConfig.java:192)

[19:59:40] [Server thread/WARN]: 	at java.base/jdk.internal.reflect.DirectMethodHandleAccessor.invoke(DirectMethodHandleAccessor.java:103)

[19:59:40] [Server thread/WARN]: 	at java.base/java.lang.reflect.Method.invoke(Method.java:580)

[19:59:40] [Server thread/WARN]: 	at org.github.paperspigot.PaperSpigotConfig.readConfig(PaperSpigotConfig.java:84)

[19:59:40] [Server thread/WARN]: 	at org.github.paperspigot.PaperSpigotConfig.init(PaperSpigotConfig.java:62)

[19:59:40] [Server thread/WARN]: 	at net.minecraft.server.v1_8_R3.DedicatedServer.init(DedicatedServer.java:181)

[19:59:40] [Server thread/WARN]: 	at net.minecraft.server.v1_8_R3.MinecraftServer.run(MinecraftServer.java:563)

[19:59:40] [Server thread/WARN]: 	at java.base/java.lang.Thread.run(Thread.java:1583)

[19:59:40] [Server thread/INFO]: Generating keypair
[19:59:41] [Server thread/INFO]: Starting Minecraft server on localhost:25565
[19:59:41] [Server thread/INFO]: Your platform does not provide complete low-level API for accessing direct buffers reliably. Unless explicitly requested, heap buffer will always be preferred to avoid potential system unstability.
[19:59:41] [Server thread/INFO]: Using default channel type
[19:59:41] [Server thread/INFO]: Set PluginClassLoader as parallel capable
[19:59:41] [Server thread/INFO]: [SimpleTpa] Loading SimpleTpa v6.4
[19:59:41] [Server thread/INFO]: [SimpleHomes] Loading SimpleHomes v2.2
[19:59:41] [Server thread/INFO]: [WorldEdit] Loading WorldEdit v6.1;no_git_id
[19:59:41] [Server thread/INFO]: [LoginSecurity] Loading LoginSecurity v3.2.0
[19:59:41] [Server thread/WARN]: **** SERVER IS RUNNING IN OFFLINE/INSECURE MODE!
[19:59:41] [Server thread/WARN]: The server will make no attempt to authenticate usernames. Beware.
[19:59:41] [Server thread/WARN]: Whilst this makes it possible to use BungeeCord, unless access to your server is properly restricted, it also opens up the ability for hackers to connect with any username they choose.
[19:59:41] [Server thread/WARN]: Please see http://www.spigotmc.org/wiki/firewall-guide/ for further information.
[19:59:41] [Server thread/WARN]: To change this, set "online-mode" to "true" in the server.properties file.
[19:59:41] [Server thread/INFO]: **** Beginning UUID conversion, this may take A LONG time ****
[19:59:41] [Server thread/INFO]: Preparing level "world"
[19:59:41] [Server thread/INFO]: -------- World Settings For [world] --------
[19:59:41] [Server thread/INFO]: Mob Spawn Range: 4
[19:59:41] [Server thread/INFO]: Anti X-Ray: true
[19:59:41] [Server thread/INFO]: 	Engine Mode: 1
[19:59:41] [Server thread/INFO]: 	Hidden Blocks: [14, 15, 16, 21, 48, 49, 54, 56, 73, 74, 82, 129, 130]
[19:59:41] [Server thread/INFO]: 	Replace Blocks: [1, 5]
[19:59:41] [Server thread/INFO]: Nerfing mobs spawned from spawners: false
[19:59:41] [Server thread/INFO]: Cactus Growth Modifier: 100%
[19:59:41] [Server thread/INFO]: Cane Growth Modifier: 100%
[19:59:41] [Server thread/INFO]: Melon Growth Modifier: 100%
[19:59:41] [Server thread/INFO]: Mushroom Growth Modifier: 100%
[19:59:41] [Server thread/INFO]: Pumpkin Growth Modifier: 100%
[19:59:41] [Server thread/INFO]: Sapling Growth Modifier: 100%
[19:59:41] [Server thread/INFO]: Wheat Growth Modifier: 100%
[19:59:41] [Server thread/INFO]: NetherWart Growth Modifier: 100%
[19:59:41] [Server thread/INFO]: Entity Activation Range: An 32 / Mo 32 / Mi 16
[19:59:41] [Server thread/INFO]: Entity Tracking Range: Pl 48 / An 48 / Mo 48 / Mi 32 / Other 64
[19:59:41] [Server thread/INFO]: Hopper Transfer: 8 Hopper Check: 8 Hopper Amount: 1
[19:59:41] [Server thread/INFO]: Random Lighting Updates: false
[19:59:41] [Server thread/INFO]: Structure Info Saving: true
[19:59:41] [Server thread/INFO]: Sending up to 10 chunks per packet
[19:59:41] [Server thread/INFO]: Max Entity Collisions: 8
[19:59:41] [Server thread/INFO]: Custom Map Seeds:  Village: 10387312 Feature: 14357617
[19:59:41] [Server thread/INFO]: Max TNT Explosions: 100
[19:59:41] [Server thread/INFO]: Tile Max Tick Time: 50ms Entity max Tick Time: 50ms
[19:59:41] [Server thread/INFO]: Item Despawn Rate: 6000
[19:59:41] [Server thread/INFO]: Item Merge Radius: 2.5
[19:59:41] [Server thread/INFO]: Arrow Despawn Rate: 1200
[19:59:41] [Server thread/INFO]: Allow Zombie Pigmen to spawn from portal blocks: true
[19:59:41] [Server thread/INFO]: View Distance: 4
[19:59:41] [Server thread/INFO]: Zombie Aggressive Towards Villager: true
[19:59:41] [Server thread/INFO]: Chunks to Grow per Tick: 650
[19:59:41] [Server thread/INFO]: Clear tick list: false
[19:59:41] [Server thread/INFO]: Experience Merge Radius: 3.0
[19:59:41] [Server thread/INFO]: -------- World Settings For [world] --------
[19:59:41] [Server thread/INFO]: Squids will spawn between Y: 45.0 and Y: 63.0
[19:59:41] [Server thread/INFO]: Max height for cactus growth 3. Max height for reed growth 3
[19:59:41] [Server thread/INFO]: Living Entity Despawn Ranges:  Soft: 32 Hard: 128
[19:59:41] [Server thread/INFO]: Player blocking damage multiplier set to 0.5
[19:59:41] [Server thread/INFO]: Remove invalid mob spawner tile entities: true
[19:59:41] [Server thread/INFO]: Water over lava flow speed: 5
[19:59:41] [Server thread/INFO]: Fix TNT cannons: false
[19:59:41] [Server thread/INFO]: Allow undead horse types to be leashed: false
[19:59:41] [Server thread/INFO]: Keep spawn chunk loaded: true
[19:59:41] [Server thread/INFO]: World async lighting: false
[19:59:41] [Server thread/INFO]: WorldServer TickNextTick cap set at 10000
[19:59:41] [Server thread/INFO]: WorldServer TickNextTickList cap always processes redstone: false
[19:59:41] [Server thread/INFO]: -------- World Settings For [world_nether] --------
[19:59:41] [Server thread/INFO]: Mob Spawn Range: 4
[19:59:41] [Server thread/INFO]: Anti X-Ray: true
[19:59:41] [Server thread/INFO]: 	Engine Mode: 1
[19:59:41] [Server thread/INFO]: 	Hidden Blocks: [14, 15, 16, 21, 48, 49, 54, 56, 73, 74, 82, 129, 130]
[19:59:41] [Server thread/INFO]: 	Replace Blocks: [1, 5]
[19:59:41] [Server thread/INFO]: Nerfing mobs spawned from spawners: false
[19:59:41] [Server thread/INFO]: Cactus Growth Modifier: 100%
[19:59:41] [Server thread/INFO]: Cane Growth Modifier: 100%
[19:59:41] [Server thread/INFO]: Melon Growth Modifier: 100%
[19:59:41] [Server thread/INFO]: Mushroom Growth Modifier: 100%
[19:59:41] [Server thread/INFO]: Pumpkin Growth Modifier: 100%
[19:59:41] [Server thread/INFO]: Sapling Growth Modifier: 100%
[19:59:41] [Server thread/INFO]: Wheat Growth Modifier: 100%
[19:59:41] [Server thread/INFO]: NetherWart Growth Modifier: 100%
[19:59:41] [Server thread/INFO]: Entity Activation Range: An 32 / Mo 32 / Mi 16
[19:59:41] [Server thread/INFO]: Entity Tracking Range: Pl 48 / An 48 / Mo 48 / Mi 32 / Other 64
[19:59:41] [Server thread/INFO]: Hopper Transfer: 8 Hopper Check: 8 Hopper Amount: 1
[19:59:41] [Server thread/INFO]: Random Lighting Updates: false
[19:59:41] [Server thread/INFO]: Structure Info Saving: true
[19:59:41] [Server thread/INFO]: Sending up to 10 chunks per packet
[19:59:41] [Server thread/INFO]: Max Entity Collisions: 8
[19:59:41] [Server thread/INFO]: Custom Map Seeds:  Village: 10387312 Feature: 14357617
[19:59:41] [Server thread/INFO]: Max TNT Explosions: 100
[19:59:41] [Server thread/INFO]: Tile Max Tick Time: 50ms Entity max Tick Time: 50ms
[19:59:41] [Server thread/INFO]: Item Despawn Rate: 6000
[19:59:41] [Server thread/INFO]: Item Merge Radius: 2.5
[19:59:41] [Server thread/INFO]: Arrow Despawn Rate: 1200
[19:59:41] [Server thread/INFO]: Allow Zombie Pigmen to spawn from portal blocks: true
[19:59:41] [Server thread/INFO]: View Distance: 4
[19:59:41] [Server thread/INFO]: Zombie Aggressive Towards Villager: true
[19:59:41] [Server thread/INFO]: Chunks to Grow per Tick: 650
[19:59:41] [Server thread/INFO]: Clear tick list: false
[19:59:41] [Server thread/INFO]: Experience Merge Radius: 3.0
[19:59:41] [Server thread/INFO]: -------- World Settings For [world_nether] --------
[19:59:41] [Server thread/INFO]: Squids will spawn between Y: 45.0 and Y: 63.0
[19:59:41] [Server thread/INFO]: Max height for cactus growth 3. Max height for reed growth 3
[19:59:41] [Server thread/INFO]: Living Entity Despawn Ranges:  Soft: 32 Hard: 128
[19:59:41] [Server thread/INFO]: Player blocking damage multiplier set to 0.5
[19:59:41] [Server thread/INFO]: Remove invalid mob spawner tile entities: true
[19:59:41] [Server thread/INFO]: Water over lava flow speed: 5
[19:59:41] [Server thread/INFO]: Fix TNT cannons: false
[19:59:41] [Server thread/INFO]: Allow undead horse types to be leashed: false
[19:59:41] [Server thread/INFO]: Keep spawn chunk loaded: true
[19:59:41] [Server thread/INFO]: World async lighting: false
[19:59:41] [Server thread/INFO]: WorldServer TickNextTick cap set at 10000
[19:59:41] [Server thread/INFO]: WorldServer TickNextTickList cap always processes redstone: false
[19:59:41] [Server thread/INFO]: -------- World Settings For [world_the_end] --------
[19:59:41] [Server thread/INFO]: Mob Spawn Range: 4
[19:59:41] [Server thread/INFO]: Anti X-Ray: true
[19:59:41] [Server thread/INFO]: 	Engine Mode: 1
[19:59:41] [Server thread/INFO]: 	Hidden Blocks: [14, 15, 16, 21, 48, 49, 54, 56, 73, 74, 82, 129, 130]
[19:59:41] [Server thread/INFO]: 	Replace Blocks: [1, 5]
[19:59:41] [Server thread/INFO]: Nerfing mobs spawned from spawners: false
[19:59:41] [Server thread/INFO]: Cactus Growth Modifier: 100%
[19:59:41] [Server thread/INFO]: Cane Growth Modifier: 100%
[19:59:41] [Server thread/INFO]: Melon Growth Modifier: 100%
[19:59:41] [Server thread/INFO]: Mushroom Growth Modifier: 100%
[19:59:41] [Server thread/INFO]: Pumpkin Growth Modifier: 100%
[19:59:41] [Server thread/INFO]: Sapling Growth Modifier: 100%
[19:59:41] [Server thread/INFO]: Wheat Growth Modifier: 100%
[19:59:41] [Server thread/INFO]: NetherWart Growth Modifier: 100%
[19:59:41] [Server thread/INFO]: Entity Activation Range: An 32 / Mo 32 / Mi 16
[19:59:41] [Server thread/INFO]: Entity Tracking Range: Pl 48 / An 48 / Mo 48 / Mi 32 / Other 64
[19:59:41] [Server thread/INFO]: Hopper Transfer: 8 Hopper Check: 8 Hopper Amount: 1
[19:59:41] [Server thread/INFO]: Random Lighting Updates: false
[19:59:41] [Server thread/INFO]: Structure Info Saving: true
[19:59:41] [Server thread/INFO]: Sending up to 10 chunks per packet
[19:59:41] [Server thread/INFO]: Max Entity Collisions: 8
[19:59:41] [Server thread/INFO]: Custom Map Seeds:  Village: 10387312 Feature: 14357617
[19:59:41] [Server thread/INFO]: Max TNT Explosions: 100
[19:59:41] [Server thread/INFO]: Tile Max Tick Time: 50ms Entity max Tick Time: 50ms
[19:59:41] [Server thread/INFO]: Item Despawn Rate: 6000
[19:59:41] [Server thread/INFO]: Item Merge Radius: 2.5
[19:59:41] [Server thread/INFO]: Arrow Despawn Rate: 1200
[19:59:41] [Server thread/INFO]: Allow Zombie Pigmen to spawn from portal blocks: true
[19:59:41] [Server thread/INFO]: View Distance: 4
[19:59:41] [Server thread/INFO]: Zombie Aggressive Towards Villager: true
[19:59:41] [Server thread/INFO]: Chunks to Grow per Tick: 650
[19:59:41] [Server thread/INFO]: Clear tick list: false
[19:59:41] [Server thread/INFO]: Experience Merge Radius: 3.0
[19:59:41] [Server thread/INFO]: -------- World Settings For [world_the_end] --------
[19:59:41] [Server thread/INFO]: Squids will spawn between Y: 45.0 and Y: 63.0
[19:59:41] [Server thread/INFO]: Max height for cactus growth 3. Max height for reed growth 3
[19:59:41] [Server thread/INFO]: Living Entity Despawn Ranges:  Soft: 32 Hard: 128
[19:59:41] [Server thread/INFO]: Player blocking damage multiplier set to 0.5
[19:59:41] [Server thread/INFO]: Remove invalid mob spawner tile entities: true
[19:59:41] [Server thread/INFO]: Water over lava flow speed: 5
[19:59:41] [Server thread/INFO]: Fix TNT cannons: false
[19:59:41] [Server thread/INFO]: Allow undead horse types to be leashed: false
[19:59:41] [Server thread/INFO]: Keep spawn chunk loaded: true
[19:59:41] [Server thread/INFO]: World async lighting: false
[19:59:41] [Server thread/INFO]: WorldServer TickNextTick cap set at 10000
[19:59:41] [Server thread/INFO]: WorldServer TickNextTickList cap always processes redstone: false
[19:59:41] [Server thread/INFO]: Preparing start region for level 0 (Seed: -560839641454405435)
[19:59:42] [Server thread/INFO]: Preparing spawn area: 91%
[19:59:42] [Server thread/INFO]: Preparing start region for level 1 (Seed: -560839641454405435)
[19:59:43] [Server thread/INFO]: Preparing start region for level 2 (Seed: -560839641454405435)
[19:59:43] [Server thread/INFO]: [SimpleTpa] Enabling SimpleTpa v6.4
[19:59:43] [Server thread/INFO]: [SimpleTpa] If you need support contact me at https://discord.gg/SZUkza9

[19:59:43] [Server thread/INFO]: [SimpleTpa] Simple Tpa has been enabled on version 6.4

[19:59:43] [Server thread/INFO]: Enabled metrics. You may opt-out by changing plugins/bStats/config.yml
[19:59:43] [Server thread/INFO]: [SimpleHomes] Enabling SimpleHomes v2.2
[19:59:43] [Server thread/INFO]: [WorldEdit] Enabling WorldEdit v6.1;no_git_id
[19:59:43] [Server thread/INFO]: WEPIF: Using the Bukkit Permissions API.
[19:59:43] [Server thread/INFO]: [WorldEdit] Using com.sk89q.worldedit.bukkit.adapter.impl.Spigot_v1_8_R3 as the Bukkit adapter
[19:59:43] [Server thread/INFO]: [LoginSecurity] Enabling LoginSecurity v3.2.0
[19:59:43] [Server thread/INFO]: [LoginSecurity] Loading base translations from "en_us"
[19:59:43] [Server thread/INFO]: [LoginSecurity] Loading specified translations from "en_us"
[19:59:43] [Server thread/INFO]: [LoginSecurity] Registering commands...
[19:59:43] [Server thread/INFO]: [LoginSecurity] Registering listeners...
[19:59:43] [Server thread/INFO]: Server permissions file permissions.yml is empty, ignoring it
[19:59:44] [Server thread/INFO]: Done (2.568s)! For help, type "help" or "?"
[19:59:44] [Server thread/INFO]: Timings Reset
[19:59:44] [Craft Scheduler Thread - 0/INFO]: [SimpleTpa] There is a new update available.

[19:59:44] [Craft Scheduler Thread - 0/INFO]: [SimpleTpa] There is a new update available:

[19:59:44] [Craft Scheduler Thread - 0/INFO]: [SimpleTpa] https://www.spigotmc.org/resources/simple-tpa.64270/

[20:00:21] [Thread-6/INFO]: UUID of player Miguelqwe170 is 5d488e27-55c4-3a4b-aab6-1e28b33220da
[20:00:21] [Server thread/INFO]: Miguelqwe170[/[0:0:0:0:0:0:0:1]:34908] logged in with entity id 370 at ([world]259.8300113355253, 64.0, 364.41749425583)
[20:00:24] [Server thread/INFO]: Miguelqwe170 lost connection: Disconnected
[20:00:24] [Server thread/INFO]: Miguelqwe170 left the game.
[20:00:37] [Thread-7/INFO]: UUID of player Miguelqwe170 is 5d488e27-55c4-3a4b-aab6-1e28b33220da
[20:00:37] [Server thread/INFO]: Miguelqwe170[/[0:0:0:0:0:0:0:1]:37194] logged in with entity id 428 at ([world]259.8300113355253, 64.0, 364.41749425583)
[20:00:49] [Thread-8/INFO]: UUID of player monkeygode is c3eef197-0dcc-346c-bb7c-f4576e851667
[20:00:50] [Server thread/INFO]: monkeygode[/[0:0:0:0:0:0:0:1]:54730] logged in with entity id 494 at ([world]261.90898600768577, 61.0, 361.6160821028773)
[20:01:24] [Server thread/INFO]: Miguelqwe170 issued server command: /give monkeygode minecraft:crafting_table
[20:01:24] [Server thread/INFO]: [Miguelqwe170: Given [Crafting Table] * 1 to monkeygode]
[20:01:37] [Server thread/INFO]: Miguelqwe170 issued server command: /give monkeygode minecraft:planks 64
[20:01:37] [Server thread/INFO]: [Miguelqwe170: Given [Oak Wood Planks] * 64 to monkeygode]
[20:01:52] [Thread-9/INFO]: UUID of player DIEEEEEEE_HAHHAH is 521df152-52af-3f3f-b8e4-8a413699e6ad
[20:01:52] [Server thread/INFO]: DIEEEEEEE_HAHHAH[/[0:0:0:0:0:0:0:1]:39186] logged in with entity id 507 at ([world]153.30000001192093, 69.0, 243.3425096519402)
[20:02:15] [Server thread/INFO]: Miguelqwe170 issued server command: /give Miguelqwe170 minecraft:planks 1
[20:02:15] [Server thread/INFO]: [Miguelqwe170: Given [Oak Wood Planks] * 1 to Miguelqwe170]
[20:04:19] [Server thread/INFO]: Miguelqwe170 issued server command: /give Miguelqwe170 minecraft:wooden_sword
[20:04:19] [Server thread/INFO]: [Miguelqwe170: Given [Wooden Sword] * 1 to Miguelqwe170]
[20:05:01] [Server thread/INFO]: Miguelqwe170 issued server command: /tp monkeygode Miguelqwe170
[20:05:01] [Server thread/INFO]: [Miguelqwe170: Teleported monkeygode to Miguelqwe170]
[20:05:53] [Server thread/INFO]: Miguelqwe170 issued server command: /give Miguelqwe170 minecraft:planks 46
[20:05:53] [Server thread/INFO]: [Miguelqwe170: Given [Oak Wood Planks] * 46 to Miguelqwe170]
[20:06:42] [Server thread/INFO]: monkeygode burned to death
[20:07:14] [Server thread/INFO]: Miguelqwe170 issued server command: /spawnpoint monkeygode
[20:07:14] [Server thread/INFO]: [Miguelqwe170: Set monkeygode's spawn point to (263, 62, 363)]
[20:07:36] [Server thread/INFO]: Miguelqwe170 issued server command: /gamemode c
[20:07:36] [Server thread/INFO]: [Miguelqwe170: Set own game mode to Creative Mode]
[20:08:02] [Server thread/INFO]: DIEEEEEEE_HAHHAH drowned
[20:08:08] [Server thread/INFO]: Miguelqwe170 issued server command: /gamemode s
[20:08:08] [Server thread/INFO]: [Miguelqwe170: Set own game mode to Survival Mode]
[20:08:37] [Server thread/INFO]: Miguelqwe170 issued server command: /tp monkeygode
[20:08:37] [Server thread/INFO]: [Miguelqwe170: Teleported Miguelqwe170 to monkeygode]
[20:08:50] [Server thread/INFO]: Miguelqwe170 issued server command: /kill
[20:08:50] [Server thread/INFO]: Miguelqwe170 fell out of the world
[20:08:50] [Server thread/INFO]: [Miguelqwe170: Killed Miguelqwe170]
[20:09:55] [Server thread/INFO]: DIEEEEEEE_HAHHAH was slain by Zombie
[20:10:01] [Server thread/INFO]: DIEEEEEEE_HAHHAH has just earned the achievement [Taking Inventory]
[20:10:23] [Server thread/INFO]: Miguelqwe170 issued server command: /gamemode c
[20:10:23] [Server thread/INFO]: [Miguelqwe170: Set own game mode to Creative Mode]
[20:11:37] [Server thread/INFO]: Miguelqwe170 issued server command: /tp DIEEEEEEE_HAHHAH Miguelqwe170
[20:11:37] [Server thread/INFO]: [Miguelqwe170: Teleported DIEEEEEEE_HAHHAH to Miguelqwe170]
[20:11:45] [Server thread/INFO]: Miguelqwe170 issued server command: /spawnpoint DIEEEEEEE_HAHHAH
[20:11:45] [Server thread/INFO]: [Miguelqwe170: Set DIEEEEEEE_HAHHAH's spawn point to (260, 61, 362)]
[20:12:46] [Server thread/INFO]: Miguelqwe170 issued server command: /tp DIEEEEEEE_HAHHAH Miguelqwe170
[20:12:46] [Server thread/INFO]: [Miguelqwe170: Teleported DIEEEEEEE_HAHHAH to Miguelqwe170]
[20:14:02] [Server thread/INFO]: Miguelqwe170 issued server command: /give DIEEEEEEE_HAHHAH minecraft:cooked_chicken 64
[20:14:02] [Server thread/INFO]: [Miguelqwe170: Given [Cooked Chicken] * 64 to DIEEEEEEE_HAHHAH]
[20:15:44] [Server thread/INFO]: Miguelqwe170 issued server command: /give monkeygode minecraft:door
[20:15:44] [Server thread/INFO]: [Miguelqwe170: There is no such item with name minecraft:door]
[20:16:09] [Server thread/INFO]: Miguelqwe170 issued server command: /tp DIEEEEEEE_HAHHAH Miguelqwe170
[20:16:09] [Server thread/INFO]: [Miguelqwe170: Teleported DIEEEEEEE_HAHHAH to Miguelqwe170]
[20:16:49] [Server thread/INFO]: Miguelqwe170 issued server command: /tp monkeygode
[20:16:49] [Server thread/INFO]: [Miguelqwe170: Teleported Miguelqwe170 to monkeygode]
[20:17:13] [Server thread/INFO]: Miguelqwe170 issued server command: /summon LightningBolt
[20:17:13] [Server thread/INFO]: [Miguelqwe170: Object successfully summoned]
[20:17:15] [Server thread/INFO]: Miguelqwe170 issued server command: /kill
[20:17:15] [Server thread/INFO]: Miguelqwe170 fell out of the world
[20:17:15] [Server thread/INFO]: [Miguelqwe170: Killed Miguelqwe170]
[20:18:45] [Server thread/INFO]: Miguelqwe170 issued server command: /gamemode s
[20:18:45] [Server thread/INFO]: [Miguelqwe170: Set own game mode to Survival Mode]
[20:20:37] [Server thread/INFO]: Miguelqwe170 issued server command: /tp monkeygode
[20:20:37] [Server thread/INFO]: [Miguelqwe170: Teleported Miguelqwe170 to monkeygode]
[20:21:00] [Server thread/INFO]: Miguelqwe170 issued server command: /tp DIEEEEEEE_HAHHAH
[20:21:00] [Server thread/INFO]: [Miguelqwe170: Teleported Miguelqwe170 to DIEEEEEEE_HAHHAH]
[20:22:58] [Server thread/INFO]: Miguelqwe170 issued server command: /give monkeygode minecraft:ladder 64
[20:22:58] [Server thread/INFO]: [Miguelqwe170: Given [Ladder] * 64 to monkeygode]
[20:23:26] [Server thread/INFO]: Miguelqwe170 issued server command: /give Miguelqwe170 minecraft:iron_sword
[20:23:26] [Server thread/INFO]: [Miguelqwe170: Given [Iron Sword] * 1 to Miguelqwe170]
[20:23:30] [Server thread/INFO]: Miguelqwe170 issued server command: /gamemode c
[20:23:30] [Server thread/INFO]: [Miguelqwe170: Set own game mode to Creative Mode]
[20:24:41] [Server thread/INFO]: Miguelqwe170 issued server command: /gamemode s
[20:24:41] [Server thread/INFO]: [Miguelqwe170: Set own game mode to Survival Mode]
[20:25:12] [Server thread/INFO]: Miguelqwe170 was slain by DIEEEEEEE_HAHHAH using [the hawk tuah]
[20:25:24] [Async Chat Thread - #0/INFO]: <monkeygode> eeee

[20:26:32] [Server thread/INFO]: Miguelqwe170 issued server command: /tp monkeygode
[20:26:32] [Server thread/INFO]: [Miguelqwe170: Teleported Miguelqwe170 to monkeygode]
[20:27:24] [Server thread/INFO]: DIEEEEEEE_HAHHAH issued server command: /set checkpoint
